2019-05-03T05:35:03+00:00 CRITICAL Uncaught Error: Call to a member function get_cart() on null in C:\xampp\htdocs\flat\wp-content\plugins\woocommerce-quick-buy\includes\common-functions.php:50
Stack trace:
#0 C:\xampp\htdocs\flat\wp-content\plugins\woocommerce-quick-buy\includes\class-frontend.php(120): wc_qb_product_in_cart(325)
#1 C:\xampp\htdocs\flat\wp-content\plugins\woocommerce-quick-buy\includes\class-quick-buy-auto-add.php(83): WooCommerce_Quick_Buy_FrontEnd->generate_button(Array)
#2 C:\xampp\htdocs\flat\wp-includes\class-wp-hook.php(286): WooCommerce_Quick_Buy_Auto_Add->add_shop_quick_buy_button('')
#3 C:\xampp\htdocs\flat\wp-includes\class-wp-hook.php(310): WP_Hook->apply_filters('', Array)
#4 C:\xampp\htdocs\flat\wp-includes\plugin.php(465): WP_Hook->do_action(Array)
#5 C:\xampp\htdocs\flat\wp-content\themes\flatsome\woocommerce\content-product.php(87): do_action('woocommerce_aft...')
#6 C:\xampp\htdocs\flat\wp-includes\template.php(706): require('C:\\xampp\\htdocs...')
#7 C:\xampp\htdocs\flat\wp-content\plugins\woocommerce\includ in C:\xampp\htdocs\flat\wp-content\plugins\woocommerce-quick-buy\includes\common-functions.php on line 50

2019-05-03T06:16:26+00:00 CRITICAL Uncaught Error: Call to a member function get_cart() on null in C:\xampp\htdocs\flat\wp-content\plugins\woocommerce-quick-buy\includes\common-functions.php:50
Stack trace:
#0 C:\xampp\htdocs\flat\wp-content\plugins\woocommerce-quick-buy\includes\class-frontend.php(120): wc_qb_product_in_cart(165)
#1 C:\xampp\htdocs\flat\wp-content\plugins\woocommerce-quick-buy\includes\class-quick-buy-auto-add.php(83): WooCommerce_Quick_Buy_FrontEnd->generate_button(Array)
#2 C:\xampp\htdocs\flat\wp-includes\class-wp-hook.php(286): WooCommerce_Quick_Buy_Auto_Add->add_shop_quick_buy_button('')
#3 C:\xampp\htdocs\flat\wp-includes\class-wp-hook.php(310): WP_Hook->apply_filters('', Array)
#4 C:\xampp\htdocs\flat\wp-includes\plugin.php(465): WP_Hook->do_action(Array)
#5 C:\xampp\htdocs\flat\wp-content\themes\flatsome\woocommerce\content-product.php(87): do_action('woocommerce_aft...')
#6 C:\xampp\htdocs\flat\wp-includes\template.php(706): require('C:\\xampp\\htdocs...')
#7 C:\xampp\htdocs\flat\wp-content\plugins\woocommerce\includ in C:\xampp\htdocs\flat\wp-content\plugins\woocommerce-quick-buy\includes\common-functions.php on line 50

2019-05-03T06:51:30+00:00 CRITICAL Uncaught Error: Call to a member function get_cart() on null in C:\xampp\htdocs\flat\wp-content\plugins\woocommerce-quick-buy\includes\common-functions.php:50
Stack trace:
#0 C:\xampp\htdocs\flat\wp-content\plugins\woocommerce-quick-buy\includes\class-frontend.php(120): wc_qb_product_in_cart(165)
#1 C:\xampp\htdocs\flat\wp-content\plugins\woocommerce-quick-buy\includes\class-quick-buy-auto-add.php(83): WooCommerce_Quick_Buy_FrontEnd->generate_button(Array)
#2 C:\xampp\htdocs\flat\wp-includes\class-wp-hook.php(286): WooCommerce_Quick_Buy_Auto_Add->add_shop_quick_buy_button('')
#3 C:\xampp\htdocs\flat\wp-includes\class-wp-hook.php(310): WP_Hook->apply_filters('', Array)
#4 C:\xampp\htdocs\flat\wp-includes\plugin.php(465): WP_Hook->do_action(Array)
#5 C:\xampp\htdocs\flat\wp-content\themes\flatsome\woocommerce\content-product.php(87): do_action('woocommerce_aft...')
#6 C:\xampp\htdocs\flat\wp-includes\template.php(706): require('C:\\xampp\\htdocs...')
#7 C:\xampp\htdocs\flat\wp-content\plugins\woocommerce\includ in C:\xampp\htdocs\flat\wp-content\plugins\woocommerce-quick-buy\includes\common-functions.php on line 50

2019-05-03T07:05:02+00:00 CRITICAL Uncaught Error: Call to a member function get_cart() on null in C:\xampp\htdocs\flat\wp-content\plugins\woocommerce-quick-buy\includes\common-functions.php:50
Stack trace:
#0 C:\xampp\htdocs\flat\wp-content\plugins\woocommerce-quick-buy\includes\class-frontend.php(120): wc_qb_product_in_cart(325)
#1 C:\xampp\htdocs\flat\wp-content\plugins\woocommerce-quick-buy\includes\class-quick-buy-auto-add.php(83): WooCommerce_Quick_Buy_FrontEnd->generate_button(Array)
#2 C:\xampp\htdocs\flat\wp-includes\class-wp-hook.php(286): WooCommerce_Quick_Buy_Auto_Add->add_shop_quick_buy_button('')
#3 C:\xampp\htdocs\flat\wp-includes\class-wp-hook.php(310): WP_Hook->apply_filters('', Array)
#4 C:\xampp\htdocs\flat\wp-includes\plugin.php(465): WP_Hook->do_action(Array)
#5 C:\xampp\htdocs\flat\wp-content\themes\flatsome\woocommerce\content-product.php(87): do_action('woocommerce_aft...')
#6 C:\xampp\htdocs\flat\wp-includes\template.php(706): require('C:\\xampp\\htdocs...')
#7 C:\xampp\htdocs\flat\wp-content\plugins\woocommerce\includ in C:\xampp\htdocs\flat\wp-content\plugins\woocommerce-quick-buy\includes\common-functions.php on line 50

